<?xml version="1.0" encoding="UTF-8"?>
<testsuite xmlns:xsi="http://www.w3.org/2001/XMLSchema-instance" xsi:noNamespaceSchemaLocation="https://maven.apache.org/surefire/maven-surefire-plugin/xsd/surefire-test-report.xsd" name="ba.unsa.etf.nrs.projekat.CashierControllerTest" time="0.03" tests="3" errors="0" skipped="0" failures="0">
  <properties>
    <property name="sun.desktop" value="windows"/>
    <property name="awt.toolkit" value="sun.awt.windows.WToolkit"/>
    <property name="file.encoding.pkg" value="sun.io"/>
    <property name="java.specification.version" value="1.8"/>
    <property name="sun.cpu.isalist" value="amd64"/>
    <property name="sun.jnu.encoding" value="Cp1252"/>
    <property name="java.class.path" value="C:\Users\Mustafa\.m2\repository\org\apache\maven\surefire\surefire-booter\2.22.1\surefire-booter-2.22.1.jar;C:\Users\Mustafa\.m2\repository\org\apache\maven\surefire\surefire-api\2.22.1\surefire-api-2.22.1.jar;C:\Users\Mustafa\.m2\repository\org\apache\maven\surefire\surefire-logger-api\2.22.1\surefire-logger-api-2.22.1.jar;C:\Users\Mustafa\IdeaProjects\POS-Kasa\target\test-classes;C:\Users\Mustafa\IdeaProjects\POS-Kasa\target\classes;C:\Users\Mustafa\.m2\repository\org\openjfx\javafx-controls\11.0.1\javafx-controls-11.0.1.jar;C:\Users\Mustafa\.m2\repository\org\openjfx\javafx-controls\11.0.1\javafx-controls-11.0.1-win.jar;C:\Users\Mustafa\.m2\repository\org\openjfx\javafx-fxml\11.0.1\javafx-fxml-11.0.1.jar;C:\Users\Mustafa\.m2\repository\org\openjfx\javafx-fxml\11.0.1\javafx-fxml-11.0.1-win.jar;C:\Users\Mustafa\.m2\repository\org\junit\jupiter\junit-jupiter-api\5.3.1\junit-jupiter-api-5.3.1.jar;C:\Users\Mustafa\.m2\repository\org\apiguardian\apiguardian-api\1.0.0\apiguardian-api-1.0.0.jar;C:\Users\Mustafa\.m2\repository\org\opentest4j\opentest4j\1.1.1\opentest4j-1.1.1.jar;C:\Users\Mustafa\.m2\repository\org\junit\platform\junit-platform-commons\1.3.1\junit-platform-commons-1.3.1.jar;C:\Users\Mustafa\.m2\repository\org\junit\jupiter\junit-jupiter-engine\5.3.1\junit-jupiter-engine-5.3.1.jar;C:\Users\Mustafa\.m2\repository\org\junit\platform\junit-platform-engine\1.3.1\junit-platform-engine-1.3.1.jar;C:\Users\Mustafa\.m2\repository\com\itextpdf\itextpdf\5.5.6\itextpdf-5.5.6.jar;C:\Users\Mustafa\.m2\repository\org\openjfx\javafx-media\11.0.1\javafx-media-11.0.1.jar;C:\Users\Mustafa\.m2\repository\org\openjfx\javafx-media\11.0.1\javafx-media-11.0.1-win.jar;C:\Users\Mustafa\.m2\repository\org\openjfx\javafx-web\11.0.1\javafx-web-11.0.1.jar;C:\Users\Mustafa\.m2\repository\org\openjfx\javafx-web\11.0.1\javafx-web-11.0.1-win.jar;C:\Users\Mustafa\.m2\repository\org\openjfx\javafx-graphics\11.0.1\javafx-graphics-11.0.1.jar;C:\Users\Mustafa\.m2\repository\org\openjfx\javafx-graphics\11.0.1\javafx-graphics-11.0.1-win.jar;C:\Users\Mustafa\.m2\repository\org\openjfx\javafx-base\11.0.1\javafx-base-11.0.1.jar;C:\Users\Mustafa\.m2\repository\org\openjfx\javafx-base\11.0.1\javafx-base-11.0.1-win.jar;C:\Users\Mustafa\.m2\repository\org\openjfx\javafx-swing\11.0.1\javafx-swing-11.0.1.jar;C:\Users\Mustafa\.m2\repository\org\openjfx\javafx-swing\11.0.1\javafx-swing-11.0.1-win.jar;C:\Users\Mustafa\.m2\repository\org\apache\maven\surefire\surefire-junit-platform\2.22.1\surefire-junit-platform-2.22.1.jar;C:\Users\Mustafa\.m2\repository\org\junit\platform\junit-platform-launcher\1.3.1\junit-platform-launcher-1.3.1.jar"/>
    <property name="java.vm.vendor" value="Amazon.com Inc."/>
    <property name="sun.arch.data.model" value="64"/>
    <property name="user.variant" value=""/>
    <property name="java.vendor.url" value="https://aws.amazon.com/corretto/"/>
    <property name="user.timezone" value="Europe/Belgrade"/>
    <property name="user.country.format" value="BA"/>
    <property name="java.vm.specification.version" value="1.8"/>
    <property name="os.name" value="Windows 10"/>
    <property name="user.country" value="US"/>
    <property name="sun.java.launcher" value="SUN_STANDARD"/>
    <property name="sun.boot.library.path" value="C:\Users\Mustafa\.jdks\corretto-1.8.0_282\jre\bin"/>
    <property name="sun.java.command" value="org.apache.maven.surefire.booter.ForkedBooter C:\Users\Mustafa\AppData\Local\Temp\surefire3168032754373233655 2021-04-29T00-07-09_829-jvmRun1 surefire9079020822285464079tmp surefire_0708120752078341391tmp"/>
    <property name="surefire.test.class.path" value="C:\Users\Mustafa\IdeaProjects\POS-Kasa\target\test-classes;C:\Users\Mustafa\IdeaProjects\POS-Kasa\target\classes;C:\Users\Mustafa\.m2\repository\org\openjfx\javafx-controls\11.0.1\javafx-controls-11.0.1.jar;C:\Users\Mustafa\.m2\repository\org\openjfx\javafx-controls\11.0.1\javafx-controls-11.0.1-win.jar;C:\Users\Mustafa\.m2\repository\org\openjfx\javafx-fxml\11.0.1\javafx-fxml-11.0.1.jar;C:\Users\Mustafa\.m2\repository\org\openjfx\javafx-fxml\11.0.1\javafx-fxml-11.0.1-win.jar;C:\Users\Mustafa\.m2\repository\org\junit\jupiter\junit-jupiter-api\5.3.1\junit-jupiter-api-5.3.1.jar;C:\Users\Mustafa\.m2\repository\org\apiguardian\apiguardian-api\1.0.0\apiguardian-api-1.0.0.jar;C:\Users\Mustafa\.m2\repository\org\opentest4j\opentest4j\1.1.1\opentest4j-1.1.1.jar;C:\Users\Mustafa\.m2\repository\org\junit\platform\junit-platform-commons\1.3.1\junit-platform-commons-1.3.1.jar;C:\Users\Mustafa\.m2\repository\org\junit\jupiter\junit-jupiter-engine\5.3.1\junit-jupiter-engine-5.3.1.jar;C:\Users\Mustafa\.m2\repository\org\junit\platform\junit-platform-engine\1.3.1\junit-platform-engine-1.3.1.jar;C:\Users\Mustafa\.m2\repository\com\itextpdf\itextpdf\5.5.6\itextpdf-5.5.6.jar;C:\Users\Mustafa\.m2\repository\org\openjfx\javafx-media\11.0.1\javafx-media-11.0.1.jar;C:\Users\Mustafa\.m2\repository\org\openjfx\javafx-media\11.0.1\javafx-media-11.0.1-win.jar;C:\Users\Mustafa\.m2\repository\org\openjfx\javafx-web\11.0.1\javafx-web-11.0.1.jar;C:\Users\Mustafa\.m2\repository\org\openjfx\javafx-web\11.0.1\javafx-web-11.0.1-win.jar;C:\Users\Mustafa\.m2\repository\org\openjfx\javafx-graphics\11.0.1\javafx-graphics-11.0.1.jar;C:\Users\Mustafa\.m2\repository\org\openjfx\javafx-graphics\11.0.1\javafx-graphics-11.0.1-win.jar;C:\Users\Mustafa\.m2\repository\org\openjfx\javafx-base\11.0.1\javafx-base-11.0.1.jar;C:\Users\Mustafa\.m2\repository\org\openjfx\javafx-base\11.0.1\javafx-base-11.0.1-win.jar;C:\Users\Mustafa\.m2\repository\org\openjfx\javafx-swing\11.0.1\javafx-swing-11.0.1.jar;C:\Users\Mustafa\.m2\repository\org\openjfx\javafx-swing\11.0.1\javafx-swing-11.0.1-win.jar;"/>
    <property name="sun.cpu.endian" value="little"/>
    <property name="user.home" value="C:\Users\Mustafa"/>
    <property name="user.language" value="en"/>
    <property name="java.specification.vendor" value="Oracle Corporation"/>
    <property name="java.home" value="C:\Users\Mustafa\.jdks\corretto-1.8.0_282\jre"/>
    <property name="basedir" value="C:\Users\Mustafa\IdeaProjects\POS-Kasa"/>
    <property name="file.separator" value="\"/>
    <property name="line.separator" value="&#10;"/>
    <property name="java.vm.specification.vendor" value="Oracle Corporation"/>
    <property name="java.specification.name" value="Java Platform API Specification"/>
    <property name="java.awt.graphicsenv" value="sun.awt.Win32GraphicsEnvironment"/>
    <property name="sun.boot.class.path" value="C:\Users\Mustafa\.jdks\corretto-1.8.0_282\jre\lib\resources.jar;C:\Users\Mustafa\.jdks\corretto-1.8.0_282\jre\lib\rt.jar;C:\Users\Mustafa\.jdks\corretto-1.8.0_282\jre\lib\sunrsasign.jar;C:\Users\Mustafa\.jdks\corretto-1.8.0_282\jre\lib\jsse.jar;C:\Users\Mustafa\.jdks\corretto-1.8.0_282\jre\lib\jce.jar;C:\Users\Mustafa\.jdks\corretto-1.8.0_282\jre\lib\charsets.jar;C:\Users\Mustafa\.jdks\corretto-1.8.0_282\jre\lib\jfr.jar;C:\Users\Mustafa\.jdks\corretto-1.8.0_282\jre\classes"/>
    <property name="user.script" value=""/>
    <property name="user.script.format" value="Latn"/>
    <property name="sun.management.compiler" value="HotSpot 64-Bit Tiered Compilers"/>
    <property name="java.runtime.version" value="1.8.0_282-b08"/>
    <property name="user.name" value="Mustafa"/>
    <property name="path.separator" value=";"/>
    <property name="os.version" value="10.0"/>
    <property name="java.endorsed.dirs" value="C:\Users\Mustafa\.jdks\corretto-1.8.0_282\jre\lib\endorsed"/>
    <property name="java.runtime.name" value="OpenJDK Runtime Environment"/>
    <property name="file.encoding" value="Cp1252"/>
    <property name="java.vm.name" value="OpenJDK 64-Bit Server VM"/>
    <property name="localRepository" value="C:\Users\Mustafa\.m2\repository"/>
    <property name="java.vendor.url.bug" value="https://github.com/corretto/corretto-8/issues/"/>
    <property name="java.io.tmpdir" value="C:\Users\Mustafa\AppData\Local\Temp\"/>
    <property name="idea.version" value="2021.1"/>
    <property name="java.version" value="1.8.0_282"/>
    <property name="user.dir" value="C:\Users\Mustafa\IdeaProjects\POS-Kasa"/>
    <property name="os.arch" value="amd64"/>
    <property name="java.vm.specification.name" value="Java Virtual Machine Specification"/>
    <property name="java.awt.printerjob" value="sun.awt.windows.WPrinterJob"/>
    <property name="user.language.format" value="bs"/>
    <property name="sun.os.patch.level" value=""/>
    <property name="java.library.path" value="C:\Users\Mustafa\.jdks\corretto-1.8.0_282\jre\bin;C:\Windows\Sun\Java\bin;C:\Windows\system32;C:\Windows;C:\Program Files\Common Files\Oracle\Java\javapath;C:\Windows\system32;C:\Windows;C:\Windows\System32\Wbem;C:\Windows\System32\WindowsPowerShell\v1.0\;C:\Windows\System32\OpenSSH\;C:\Program Files\dotnet\;C:\Program Files\Microsoft SQL Server\130\Tools\Binn\;C:\Program Files\Microsoft SQL Server\Client SDK\ODBC\170\Tools\Binn\;C:\Program Files\nodejs\;C:\Program Files (x86)\Microsoft SQL Server\150\Tools\Binn\;C:\Program Files\Microsoft SQL Server\150\Tools\Binn\;C:\Program Files\Microsoft SQL Server\150\DTS\Binn\;C:\Program Files (x86)\Microsoft SQL Server\150\DTS\Binn\;C:\Program Files\Azure Data Studio\bin;C:\Program Files\Git\cmd;C:\Program Files\MySQL\MySQL Shell 8.0\bin\;C:\Users\Mustafa\AppData\Local\Microsoft\WindowsApps;C:\Users\Mustafa\AppData\Local\GitHubDesktop\bin;C:\Users\Mustafa\AppData\Local\Programs\Microsoft VS Code\bin;C:\Users\Mustafa\.dotnet\tools;C:\Users\Mustafa\AppData\Roaming\npm;C:\Users\Mustafa\AppData\Local\Programs\MiKTeX\miktex\bin\x64\;C:\Program Files\Azure Data Studio\bin;."/>
    <property name="java.vm.info" value="mixed mode"/>
    <property name="java.vendor" value="Amazon.com Inc."/>
    <property name="java.vm.version" value="25.282-b08"/>
    <property name="java.ext.dirs" value="C:\Users\Mustafa\.jdks\corretto-1.8.0_282\jre\lib\ext;C:\Windows\Sun\Java\lib\ext"/>
    <property name="sun.io.unicode.encoding" value="UnicodeLittle"/>
    <property name="java.class.version" value="52.0"/>
  </properties>
  <testcase name="testSetiGetUposlenik" classname="ba.unsa.etf.nrs.projekat.CashierControllerTest" time="0.017"/>
  <testcase name="testSetiGetLozinkaKorisnik" classname="ba.unsa.etf.nrs.projekat.CashierControllerTest" time="0.002"/>
  <testcase name="testSetiGetProduct" classname="ba.unsa.etf.nrs.projekat.CashierControllerTest" time="0.004"/>
</testsuite>