<?xml version="1.0" encoding="UTF-8"?>
<testsuite xmlns:xsi="http://www.w3.org/2001/XMLSchema-instance" xsi:noNamespaceSchemaLocation="https://maven.apache.org/surefire/maven-surefire-plugin/xsd/surefire-test-report.xsd" name="ba.unsa.etf.nrs.projekat.CashierControllerTest" time="0.042" tests="3" errors="0" skipped="0" failures="0">
  <properties>
    <property name="awt.toolkit" value="sun.awt.X11.XToolkit"/>
    <property name="file.encoding.pkg" value="sun.io"/>
    <property name="java.specification.version" value="1.8"/>
    <property name="sun.cpu.isalist" value=""/>
    <property name="sun.jnu.encoding" value="UTF-8"/>
    <property name="java.class.path" value="/home/americaa/.m2/repository/org/apache/maven/surefire/surefire-booter/2.22.1/surefire-booter-2.22.1.jar:/home/americaa/.m2/repository/org/apache/maven/surefire/surefire-api/2.22.1/surefire-api-2.22.1.jar:/home/americaa/.m2/repository/org/apache/maven/surefire/surefire-logger-api/2.22.1/surefire-logger-api-2.22.1.jar:/home/americaa/IdeaProjects/POS-Kasa/target/test-classes:/home/americaa/IdeaProjects/POS-Kasa/target/classes:/home/americaa/.m2/repository/org/openjfx/javafx-controls/11.0.1/javafx-controls-11.0.1.jar:/home/americaa/.m2/repository/org/openjfx/javafx-controls/11.0.1/javafx-controls-11.0.1-linux.jar:/home/americaa/.m2/repository/org/openjfx/javafx-fxml/11.0.1/javafx-fxml-11.0.1.jar:/home/americaa/.m2/repository/org/openjfx/javafx-fxml/11.0.1/javafx-fxml-11.0.1-linux.jar:/home/americaa/.m2/repository/org/junit/jupiter/junit-jupiter-api/5.3.1/junit-jupiter-api-5.3.1.jar:/home/americaa/.m2/repository/org/apiguardian/apiguardian-api/1.0.0/apiguardian-api-1.0.0.jar:/home/americaa/.m2/repository/org/opentest4j/opentest4j/1.1.1/opentest4j-1.1.1.jar:/home/americaa/.m2/repository/org/junit/platform/junit-platform-commons/1.3.1/junit-platform-commons-1.3.1.jar:/home/americaa/.m2/repository/org/junit/jupiter/junit-jupiter-engine/5.3.1/junit-jupiter-engine-5.3.1.jar:/home/americaa/.m2/repository/org/junit/platform/junit-platform-engine/1.3.1/junit-platform-engine-1.3.1.jar:/home/americaa/.m2/repository/com/itextpdf/itextpdf/5.5.6/itextpdf-5.5.6.jar:/home/americaa/.m2/repository/org/openjfx/javafx-media/11.0.1/javafx-media-11.0.1.jar:/home/americaa/.m2/repository/org/openjfx/javafx-media/11.0.1/javafx-media-11.0.1-linux.jar:/home/americaa/.m2/repository/org/openjfx/javafx-web/11.0.1/javafx-web-11.0.1.jar:/home/americaa/.m2/repository/org/openjfx/javafx-web/11.0.1/javafx-web-11.0.1-linux.jar:/home/americaa/.m2/repository/org/openjfx/javafx-graphics/11.0.1/javafx-graphics-11.0.1.jar:/home/americaa/.m2/repository/org/openjfx/javafx-graphics/11.0.1/javafx-graphics-11.0.1-linux.jar:/home/americaa/.m2/repository/org/openjfx/javafx-base/11.0.1/javafx-base-11.0.1.jar:/home/americaa/.m2/repository/org/openjfx/javafx-base/11.0.1/javafx-base-11.0.1-linux.jar:/home/americaa/.m2/repository/org/openjfx/javafx-swing/11.0.1/javafx-swing-11.0.1.jar:/home/americaa/.m2/repository/org/openjfx/javafx-swing/11.0.1/javafx-swing-11.0.1-linux.jar:/home/americaa/.m2/repository/org/apache/maven/surefire/surefire-junit-platform/2.22.1/surefire-junit-platform-2.22.1.jar:/home/americaa/.m2/repository/org/junit/platform/junit-platform-launcher/1.3.1/junit-platform-launcher-1.3.1.jar"/>
    <property name="java.vm.vendor" value="Amazon.com Inc."/>
    <property name="sun.arch.data.model" value="64"/>
    <property name="java.vendor.url" value="https://aws.amazon.com/corretto/"/>
    <property name="user.timezone" value=""/>
    <property name="java.vm.specification.version" value="1.8"/>
    <property name="os.name" value="Linux"/>
    <property name="user.country" value="US"/>
    <property name="sun.java.launcher" value="SUN_STANDARD"/>
    <property name="sun.boot.library.path" value="/home/americaa/.jdks/corretto-1.8.0_292/jre/lib/amd64"/>
    <property name="sun.java.command" value="org.apache.maven.surefire.booter.ForkedBooter /home/americaa/IdeaProjects/POS-Kasa/target/surefire 2021-05-05T23-01-09_752-jvmRun1 surefire4523210949678110842tmp surefire_06359702999062042068tmp"/>
    <property name="surefire.test.class.path" value="/home/americaa/IdeaProjects/POS-Kasa/target/test-classes:/home/americaa/IdeaProjects/POS-Kasa/target/classes:/home/americaa/.m2/repository/org/openjfx/javafx-controls/11.0.1/javafx-controls-11.0.1.jar:/home/americaa/.m2/repository/org/openjfx/javafx-controls/11.0.1/javafx-controls-11.0.1-linux.jar:/home/americaa/.m2/repository/org/openjfx/javafx-fxml/11.0.1/javafx-fxml-11.0.1.jar:/home/americaa/.m2/repository/org/openjfx/javafx-fxml/11.0.1/javafx-fxml-11.0.1-linux.jar:/home/americaa/.m2/repository/org/junit/jupiter/junit-jupiter-api/5.3.1/junit-jupiter-api-5.3.1.jar:/home/americaa/.m2/repository/org/apiguardian/apiguardian-api/1.0.0/apiguardian-api-1.0.0.jar:/home/americaa/.m2/repository/org/opentest4j/opentest4j/1.1.1/opentest4j-1.1.1.jar:/home/americaa/.m2/repository/org/junit/platform/junit-platform-commons/1.3.1/junit-platform-commons-1.3.1.jar:/home/americaa/.m2/repository/org/junit/jupiter/junit-jupiter-engine/5.3.1/junit-jupiter-engine-5.3.1.jar:/home/americaa/.m2/repository/org/junit/platform/junit-platform-engine/1.3.1/junit-platform-engine-1.3.1.jar:/home/americaa/.m2/repository/com/itextpdf/itextpdf/5.5.6/itextpdf-5.5.6.jar:/home/americaa/.m2/repository/org/openjfx/javafx-media/11.0.1/javafx-media-11.0.1.jar:/home/americaa/.m2/repository/org/openjfx/javafx-media/11.0.1/javafx-media-11.0.1-linux.jar:/home/americaa/.m2/repository/org/openjfx/javafx-web/11.0.1/javafx-web-11.0.1.jar:/home/americaa/.m2/repository/org/openjfx/javafx-web/11.0.1/javafx-web-11.0.1-linux.jar:/home/americaa/.m2/repository/org/openjfx/javafx-graphics/11.0.1/javafx-graphics-11.0.1.jar:/home/americaa/.m2/repository/org/openjfx/javafx-graphics/11.0.1/javafx-graphics-11.0.1-linux.jar:/home/americaa/.m2/repository/org/openjfx/javafx-base/11.0.1/javafx-base-11.0.1.jar:/home/americaa/.m2/repository/org/openjfx/javafx-base/11.0.1/javafx-base-11.0.1-linux.jar:/home/americaa/.m2/repository/org/openjfx/javafx-swing/11.0.1/javafx-swing-11.0.1.jar:/home/americaa/.m2/repository/org/openjfx/javafx-swing/11.0.1/javafx-swing-11.0.1-linux.jar:"/>
    <property name="sun.cpu.endian" value="little"/>
    <property name="user.home" value="/home/americaa"/>
    <property name="user.language" value="en"/>
    <property name="java.specification.vendor" value="Oracle Corporation"/>
    <property name="java.home" value="/home/americaa/.jdks/corretto-1.8.0_292/jre"/>
    <property name="basedir" value="/home/americaa/IdeaProjects/POS-Kasa"/>
    <property name="file.separator" value="/"/>
    <property name="line.separator" value="&#10;"/>
    <property name="java.vm.specification.vendor" value="Oracle Corporation"/>
    <property name="java.specification.name" value="Java Platform API Specification"/>
    <property name="java.awt.graphicsenv" value="sun.awt.X11GraphicsEnvironment"/>
    <property name="sun.boot.class.path" value="/home/americaa/.jdks/corretto-1.8.0_292/jre/lib/resources.jar:/home/americaa/.jdks/corretto-1.8.0_292/jre/lib/rt.jar:/home/americaa/.jdks/corretto-1.8.0_292/jre/lib/sunrsasign.jar:/home/americaa/.jdks/corretto-1.8.0_292/jre/lib/jsse.jar:/home/americaa/.jdks/corretto-1.8.0_292/jre/lib/jce.jar:/home/americaa/.jdks/corretto-1.8.0_292/jre/lib/charsets.jar:/home/americaa/.jdks/corretto-1.8.0_292/jre/lib/jfr.jar:/home/americaa/.jdks/corretto-1.8.0_292/jre/classes"/>
    <property name="sun.management.compiler" value="HotSpot 64-Bit Tiered Compilers"/>
    <property name="java.runtime.version" value="1.8.0_292-b10"/>
    <property name="user.name" value="americaa"/>
    <property name="path.separator" value=":"/>
    <property name="os.version" value="5.8.0-50-generic"/>
    <property name="java.endorsed.dirs" value="/home/americaa/.jdks/corretto-1.8.0_292/jre/lib/endorsed"/>
    <property name="java.runtime.name" value="OpenJDK Runtime Environment"/>
    <property name="file.encoding" value="UTF-8"/>
    <property name="java.vm.name" value="OpenJDK 64-Bit Server VM"/>
    <property name="localRepository" value="/home/americaa/.m2/repository"/>
    <property name="java.vendor.url.bug" value="https://github.com/corretto/corretto-8/issues/"/>
    <property name="java.io.tmpdir" value="/tmp"/>
    <property name="idea.version" value="2021.1.1"/>
    <property name="java.version" value="1.8.0_292"/>
    <property name="user.dir" value="/home/americaa/IdeaProjects/POS-Kasa"/>
    <property name="os.arch" value="amd64"/>
    <property name="java.vm.specification.name" value="Java Virtual Machine Specification"/>
    <property name="java.awt.printerjob" value="sun.print.PSPrinterJob"/>
    <property name="sun.os.patch.level" value="unknown"/>
    <property name="java.library.path" value="/usr/java/packages/lib/amd64:/usr/lib64:/lib64:/lib:/usr/lib"/>
    <property name="java.vm.info" value="mixed mode"/>
    <property name="java.vendor" value="Amazon.com Inc."/>
    <property name="java.vm.version" value="25.292-b10"/>
    <property name="java.ext.dirs" value="/home/americaa/.jdks/corretto-1.8.0_292/jre/lib/ext:/usr/java/packages/lib/ext"/>
    <property name="sun.io.unicode.encoding" value="UnicodeLittle"/>
    <property name="java.class.version" value="52.0"/>
  </properties>
  <testcase name="testSetiGetUposlenik" classname="ba.unsa.etf.nrs.projekat.CashierControllerTest" time="0.021"/>
  <testcase name="testSetiGetLozinkaKorisnik" classname="ba.unsa.etf.nrs.projekat.CashierControllerTest" time="0.003"/>
  <testcase name="testSetiGetProduct" classname="ba.unsa.etf.nrs.projekat.CashierControllerTest" time="0.013"/>
</testsuite>